<?xml version="1.0" encoding="UTF-8"?>
<testng-results ignored="0" total="1" passed="1" failed="0" skipped="0">
  <reporter-output>
  </reporter-output>
  <suite started-at="2023-11-14T15:48:20 EET" name="com.example.tests.GoogleSearchTest" finished-at="2023-11-14T15:48:32 EET" duration-ms="12718">
    <groups>
    </groups>
    <test started-at="2023-11-14T15:48:20 EET" name="Command line test" finished-at="2023-11-14T15:48:32 EET" duration-ms="12718">
      <class name="com.example.tests.GoogleSearchTest">
        <test-method is-config="true" signature="setUp()[pri:0, instance:com.example.tests.GoogleSearchTest@1068e947]" started-at="2023-11-14T15:48:20 EET" name="setUp" finished-at="2023-11-14T15:48:22 EET" duration-ms="2108" status="PASS">
          <reporter-output>
          </reporter-output>
        </test-method> <!-- setUp -->
        <test-method signature="testGoogleSearch()[pri:0, instance:com.example.tests.GoogleSearchTest@1068e947]" started-at="2023-11-14T15:48:22 EET" name="testGoogleSearch" finished-at="2023-11-14T15:48:31 EET" duration-ms="9408" status="PASS">
          <reporter-output>
          </reporter-output>
        </test-method> <!-- testGoogleSearch -->
        <test-method is-config="true" signature="tearDown()[pri:0, instance:com.example.tests.GoogleSearchTest@1068e947]" started-at="2023-11-14T15:48:31 EET" name="tearDown" finished-at="2023-11-14T15:48:32 EET" duration-ms="1169" status="PASS">
          <reporter-output>
          </reporter-output>
        </test-method> <!-- tearDown -->
      </class> <!-- com.example.tests.GoogleSearchTest -->
    </test> <!-- Command line test -->
  </suite> <!-- com.example.tests.GoogleSearchTest -->
</testng-results>
